A51 MACRO ASSEMBLER  MAIN                                                                 10/29/2020 13:44:55 PAGE     1


MACRO ASSEMBLER A51 V8.2.7.0
OBJECT MODULE PLACED IN .\Objects\main.obj
ASSEMBLER INVOKED BY: C:\Keil_v5\C51\BIN\A51.EXE main.a51 SET(SMALL) DEBUG PRINT(.\Listings\main.lst) OBJECT(.\Objects\m
                      ain.obj) EP

LOC  OBJ            LINE     SOURCE

                       1     ;PROG SEGMENT CODE
                       2     ;       
                       3     ;CSEG AT 0
                       4     ;JMP start
                       5     ;
                       6     ;RSEG PROG
                       7     ;start:
                       8     ;       MOV P2,#0AAh
                       9     ;       ACALL CZEKAJ
                      10     ;       MOV P2,#055h
                      11     ;       ACALL CZEKAJ
                      12     ;       SJMP start
                      13     ;CZEKAJ:
                      14     ;       MOV R0,#255
                      15     ;ODLICZAJ2:
                      16     ;       MOV R1,#255
                      17     ;ODLICZAJ1:
                      18     ;       NOP
                      19     ;       NOP
                      20     ;       DJNZ R1,ODLICZAJ1
                      21     ;       DJNZ R0,ODLICZAJ2
                      22     ;       RET
                      23     ;END
*** WARNING #A41 IN 23 (main.a51, LINE 23): MISSING 'END' STATEMENT
A51 MACRO ASSEMBLER  MAIN                                                                 10/29/2020 13:44:55 PAGE     2

SYMBOL TABLE LISTING
------ ----- -------


N A M E             T Y P E  V A L U E   ATTRIBUTES



REGISTER BANK(S) USED: 0 


ASSEMBLY COMPLETE.  1 WARNING(S), 0 ERROR(S)
