A51 MACRO ASSEMBLER  MAIN2                                                                10/24/2020 13:25:50 PAGE     1


MACRO ASSEMBLER A51 V8.2.7.0
OBJECT MODULE PLACED IN .\Objects\main2.obj
ASSEMBLER INVOKED BY: C:\Keil_v5\C51\BIN\A51.EXE main2.a51 SET(SMALL) DEBUG PRINT(.\Listings\main2.lst) OBJECT(.\Objects
                      \main2.obj) EP

LOC  OBJ            LINE     SOURCE

                       1     
                       2     
                       3     
                       4     
                       5     
                       6     
                       7     
                       8     
                       9     
                      10     
                      11     
                      12     
                      13     
                      14     
                      15     
                      16     
                      17     
                      18     
                      19     
                      20     
                      21     
                      22     
*** WARNING #A41 IN 22 (main2.a51, LINE 22): MISSING 'END' STATEMENT
A51 MACRO ASSEMBLER  MAIN2                                                                10/24/2020 13:25:50 PAGE     2

SYMBOL TABLE LISTING
------ ----- -------


N A M E             T Y P E  V A L U E   ATTRIBUTES



REGISTER BANK(S) USED: 0 


ASSEMBLY COMPLETE.  1 WARNING(S), 0 ERROR(S)
